2023-11-02T16:31:12+00:00	fluent.info	{"pid":13,"ppid":7,"worker":0,"message":"starting fluentd worker pid=13 ppid=7 worker=0"}
2023-11-02T16:31:12+00:00	fluent.info	{"message":"listening syslog socket on 0.0.0.0:5140 with tcp"}
2023-11-02T16:31:12+00:00	fluent.info	{"message":"following tail of ./shared-volume/frr/frr2.log"}
2023-11-02T16:31:12+00:00	fluent.info	{"message":"following tail of ./shared-volume/frr/frr1.log"}
2023-11-02T16:31:12+00:00	fluent.info	{"port":24224,"bind":"0.0.0.0","message":"listening port port=24224 bind=\"0.0.0.0\""}
2023-11-02T16:31:12+00:00	fluent.info	{"worker":0,"message":"fluentd worker is now running worker=0"}
2023-11-02T16:31:10+00:00	router2	{"source":"stdout","log":" * Starting system logging syslog-ng","container_id":"afb5de8cc97806c8c0e105beb2caf61583bb97148c928c7554f51bc19a6ecf8d","container_name":"/original-router2-1"}
2023-11-02T16:31:10+00:00	router2	{"container_id":"afb5de8cc97806c8c0e105beb2caf61583bb97148c928c7554f51bc19a6ecf8d","container_name":"/original-router2-1","source":"stderr","log":"[2023-11-02T16:31:10.310838] WARNING: Configuration file format is too old, syslog-ng is running in compatibility mode. Please update it to use the syslog-ng 3.35 format at your time of convenience. To upgrade the configuration, please review the warnings about incompatible changes printed by syslog-ng, and once completed change the @version header at the top of the configuration file; config-version='3.27'"}
2023-11-02T16:31:10+00:00	router2	{"container_id":"afb5de8cc97806c8c0e105beb2caf61583bb97148c928c7554f51bc19a6ecf8d","container_name":"/original-router2-1","source":"stderr","log":"[2023-11-02T16:31:10.602986] WARNING: The internal_queue_length stat counter has been renamed to internal_source.queued. The old name will be removed in future versions; config-version='3.27'"}
2023-11-02T16:31:10+00:00	router2	{"container_id":"afb5de8cc97806c8c0e105beb2caf61583bb97148c928c7554f51bc19a6ecf8d","container_name":"/original-router2-1","source":"stdout","log":"   ...done."}
2023-11-02T16:31:11+00:00	router2	{"source":"stdout","log":" * Started watchfrr","container_id":"afb5de8cc97806c8c0e105beb2caf61583bb97148c928c7554f51bc19a6ecf8d","container_name":"/original-router2-1"}
2023-11-02T16:31:12+00:00	router2	{"container_name":"/original-router2-1","source":"stdout","log":"","container_id":"afb5de8cc97806c8c0e105beb2caf61583bb97148c928c7554f51bc19a6ecf8d"}
2023-11-02T16:31:12+00:00	router2	{"container_id":"afb5de8cc97806c8c0e105beb2caf61583bb97148c928c7554f51bc19a6ecf8d","container_name":"/original-router2-1","source":"stdout","log":"Hello, this is FRRouting (version 8.1)."}
2023-11-02T16:31:12+00:00	router2	{"log":"Copyright 1996-2005 Kunihiro Ishiguro, et al.","container_id":"afb5de8cc97806c8c0e105beb2caf61583bb97148c928c7554f51bc19a6ecf8d","container_name":"/original-router2-1","source":"stdout"}
2023-11-02T16:31:12+00:00	router2	{"source":"stdout","log":"","container_id":"afb5de8cc97806c8c0e105beb2caf61583bb97148c928c7554f51bc19a6ecf8d","container_name":"/original-router2-1"}
2023-11-02T16:31:12+00:00	router2	{"container_id":"afb5de8cc97806c8c0e105beb2caf61583bb97148c928c7554f51bc19a6ecf8d","container_name":"/original-router2-1","source":"stdout","log":"router2# conf t"}
2023-11-02T16:31:12+00:00	router2	{"container_id":"afb5de8cc97806c8c0e105beb2caf61583bb97148c928c7554f51bc19a6ecf8d","container_name":"/original-router2-1","source":"stdout","log":"router2(config)# log file /shared-volume/frr/frr2.log"}
2023-11-02T16:31:12+00:00	router2	{"container_id":"afb5de8cc97806c8c0e105beb2caf61583bb97148c928c7554f51bc19a6ecf8d","container_name":"/original-router2-1","source":"stdout","log":"router2(config)# router ospf "}
2023-11-02T16:31:12+00:00	router2	{"source":"stdout","log":"router2(config-router)# network 172.16.2.0/24 area 0","container_id":"afb5de8cc97806c8c0e105beb2caf61583bb97148c928c7554f51bc19a6ecf8d","container_name":"/original-router2-1"}
2023-11-02T16:31:12+00:00	router2	{"container_id":"afb5de8cc97806c8c0e105beb2caf61583bb97148c928c7554f51bc19a6ecf8d","container_name":"/original-router2-1","source":"stdout","log":"router2(config-router)# network 172.16.0.0/24 area 0"}
2023-11-02T16:31:12+00:00	router2	{"container_id":"afb5de8cc97806c8c0e105beb2caf61583bb97148c928c7554f51bc19a6ecf8d","container_name":"/original-router2-1","source":"stdout","log":"router2(config-router)# end"}
2023-11-02T16:31:12+00:00	router2	{"container_id":"afb5de8cc97806c8c0e105beb2caf61583bb97148c928c7554f51bc19a6ecf8d","container_name":"/original-router2-1","source":"stdout","log":"router2# "}
2023-11-02T16:31:10+00:00	router1	{"source":"stdout","log":" * Starting system logging syslog-ng","container_id":"677eb4d94b8e0f8ed17b2c43bbb9991ee91a08fcdeccdd7609921ffd88edddf8","container_name":"/original-router1-1"}
2023-11-02T16:31:10+00:00	router1	{"log":"[2023-11-02T16:31:10.383289] WARNING: Configuration file format is too old, syslog-ng is running in compatibility mode. Please update it to use the syslog-ng 3.35 format at your time of convenience. To upgrade the configuration, please review the warnings about incompatible changes printed by syslog-ng, and once completed change the @version header at the top of the configuration file; config-version='3.27'","container_id":"677eb4d94b8e0f8ed17b2c43bbb9991ee91a08fcdeccdd7609921ffd88edddf8","container_name":"/original-router1-1","source":"stderr"}
2023-11-02T16:31:10+00:00	router1	{"source":"stderr","log":"[2023-11-02T16:31:10.602708] WARNING: The internal_queue_length stat counter has been renamed to internal_source.queued. The old name will be removed in future versions; config-version='3.27'","container_id":"677eb4d94b8e0f8ed17b2c43bbb9991ee91a08fcdeccdd7609921ffd88edddf8","container_name":"/original-router1-1"}
2023-11-02T16:31:10+00:00	router1	{"container_id":"677eb4d94b8e0f8ed17b2c43bbb9991ee91a08fcdeccdd7609921ffd88edddf8","container_name":"/original-router1-1","source":"stdout","log":"   ...done."}
2023-11-02T16:31:11+00:00	router1	{"container_name":"/original-router1-1","source":"stdout","log":" * Started watchfrr","container_id":"677eb4d94b8e0f8ed17b2c43bbb9991ee91a08fcdeccdd7609921ffd88edddf8"}
2023-11-02T16:31:12+00:00	router1	{"container_id":"677eb4d94b8e0f8ed17b2c43bbb9991ee91a08fcdeccdd7609921ffd88edddf8","container_name":"/original-router1-1","source":"stdout","log":""}
2023-11-02T16:31:12+00:00	router1	{"container_name":"/original-router1-1","source":"stdout","log":"Hello, this is FRRouting (version 8.1).","container_id":"677eb4d94b8e0f8ed17b2c43bbb9991ee91a08fcdeccdd7609921ffd88edddf8"}
2023-11-02T16:31:12+00:00	router1	{"container_id":"677eb4d94b8e0f8ed17b2c43bbb9991ee91a08fcdeccdd7609921ffd88edddf8","container_name":"/original-router1-1","source":"stdout","log":"Copyright 1996-2005 Kunihiro Ishiguro, et al."}
2023-11-02T16:31:12+00:00	router1	{"source":"stdout","log":"","container_id":"677eb4d94b8e0f8ed17b2c43bbb9991ee91a08fcdeccdd7609921ffd88edddf8","container_name":"/original-router1-1"}
